<?xml version="1.0" encoding="UTF-8"?>
<!-- Generated by org.testng.reporters.JUnitXMLReporter -->
<testsuite hostname="RCT-7D020565H" ignored="0" name="Test" tests="10" failures="0" timestamp="2020-08-02T00:37:34 EDT" time="261.076" errors="0">
  <testcase name="clickOnTravelInsurance" time="20.458" classname="com.insureincanada.testCases.TravelInsuranceTest"/>
  <testcase name="clickOnLogo" time="1.461" classname="com.insureincanada.testCases.LogoTest"/>
  <testcase name="singlePolicy_SV_BlankAge_VerifyErrorMsg" time="8.248" classname="com.insureincanada.testCases.SuperVisaInsurancePageTest"/>
  <testcase name="singlePolicy_SV_GetQuote_DiffAge_restDefault" time="7.403" classname="com.insureincanada.testCases.SuperVisaInsurancePageTest"/>
  <testcase name="singlePolicy_SV_GetQuote_DiffAge_restDefault" time="2.131" classname="com.insureincanada.testCases.SuperVisaInsurancePageTest"/>
  <testcase name="singlePolicy_SV_GetTitle_AfterContinueButtonClick" time="1.707" classname="com.insureincanada.testCases.SuperVisaInsurancePageTest"/>
  <testcase name="singlePolicy_SV_isContinousButtonClickable" time="1.958" classname="com.insureincanada.testCases.SuperVisaInsurancePageTest"/>
  <testcase name="homePageNavigaiton" time="0.016" classname="com.insureincanada.testCases.HomePageTest"/>
  <testcase name="superVisaSinglePolicyInitialInfoDefaultDate" time="6.454" classname="com.insureincanada.testCases.HomePageTest"/>
  <testcase name="superVisaTitle" time="3.951" classname="com.insureincanada.testCases.HomePageTest"/>
</testsuite> <!-- Test -->
