<?xml version="1.0" encoding="UTF-8"?>
<!-- Generated by org.testng.reporters.JUnitXMLReporter -->
<testsuite hostname="RCT-7D020565H" ignored="0" name="Test" tests="8" failures="0" timestamp="2020-07-31T01:11:03 EDT" time="61.641" errors="0">
  <testcase name="singlePolicy_SV_BlankAge_VerifyErrorMsg" time="7.21" classname="com.insureincanada.testCases.SuperVisaInsurancePageTest"/>
  <testcase name="singlePolicy_SV_GetQuote_DiffAge_restDefault" time="1.778" classname="com.insureincanada.testCases.SuperVisaInsurancePageTest"/>
  <testcase name="singlePolicy_SV_GetQuote_DiffAge_restDefault" time="1.367" classname="com.insureincanada.testCases.SuperVisaInsurancePageTest"/>
  <testcase name="singlePolicy_SV_GetTitle_AfterContinueButtonClick" time="1.299" classname="com.insureincanada.testCases.SuperVisaInsurancePageTest"/>
  <testcase name="singlePolicy_SV_isContinousButtonClickable" time="1.762" classname="com.insureincanada.testCases.SuperVisaInsurancePageTest"/>
  <testcase name="homePageNavigaiton" time="0.02" classname="com.insureincanada.testCases.HomePageTest"/>
  <testcase name="superVisaSinglePolicyInitialInfoDefaultDate" time="1.392" classname="com.insureincanada.testCases.HomePageTest"/>
  <testcase name="superVisaTitle" time="1.211" classname="com.insureincanada.testCases.HomePageTest"/>
</testsuite> <!-- Test -->
