<?xml version="1.0" encoding="UTF-8"?>
<testsuite xmlns:xsi="http://www.w3.org/2001/XMLSchema-instance" xsi:noNamespaceSchemaLocation="https://maven.apache.org/surefire/maven-surefire-plugin/xsd/surefire-test-report-3.0.xsd" version="3.0" name="TestSuite" time="68.097" tests="8" errors="0" skipped="0" failures="0">
  <properties>
[...]
</properties>
  <testcase name="singlePolicy_SV_BlankAge_VerifyErrorMsg" classname="com.insureincanada.testCases.SuperVisaInsurancePageTest" time="6.928">
    <system-err><![CDATA[Starting ChromeDriver 83.0.4103.39 (ccbf011cb2d2b19b506d844400483861342c20cd-refs/branch-heads/4103@{#416}) on port 2407
Only local connections are allowed.
Please see https://chromedriver.chromium.org/security-considerations for suggestions on keeping ChromeDriver safe.
ChromeDriver was started successfully.
[1596172215.679][WARNING]: This version of ChromeDriver has not been tested with Chrome version 84.
Jul 31, 2020 1:10:18 AM org.openqa.selenium.remote.ProtocolHandshake createSession
INFO: Detected dialect: W3C
Starting ChromeDriver 83.0.4103.39 (ccbf011cb2d2b19b506d844400483861342c20cd-refs/branch-heads/4103@{#416}) on port 30242
Only local connections are allowed.
Please see https://chromedriver.chromium.org/security-considerations for suggestions on keeping ChromeDriver safe.
ChromeDriver was started successfully.
[1596172232.997][WARNING]: This version of ChromeDriver has not been tested with Chrome version 84.
Jul 31, 2020 1:10:35 AM org.openqa.selenium.remote.ProtocolHandshake createSession
INFO: Detected dialect: W3C
]]></system-err>
  </testcase>
  <testcase name="singlePolicy_SV_GetQuote_DiffAge_restDefault[39](1)" classname="com.insureincanada.testCases.SuperVisaInsurancePageTest" time="1.79">
    <system-out><![CDATA[[[ChromeDriver: chrome on WINDOWS (fab17d5ee2139e2cf236fd7689133db8)] -> xpath: //label[@id='age-error']]
]]></system-out>
  </testcase>
  <testcase name="singlePolicy_SV_GetQuote_DiffAge_restDefault[92](2)" classname="com.insureincanada.testCases.SuperVisaInsurancePageTest" time="1.371">
    <system-out><![CDATA[[[ChromeDriver: chrome on WINDOWS (fab17d5ee2139e2cf236fd7689133db8)] -> xpath: //label[@id='age-error']]
]]></system-out>
  </testcase>
  <testcase name="singlePolicy_SV_GetTitle_AfterContinueButtonClick" classname="com.insureincanada.testCases.SuperVisaInsurancePageTest" time="1.295">
    <system-out><![CDATA[Best & affordable Super Visa Insurance Ontario Canada | Insure In Canada
]]></system-out>
  </testcase>
  <testcase name="singlePolicy_SV_isContinousButtonClickable" classname="com.insureincanada.testCases.SuperVisaInsurancePageTest" time="1.77">
    <system-out><![CDATA[Best & affordable Super Visa Insurance Ontario Canada | Insure In Canada
]]></system-out>
  </testcase>
  <testcase name="homePageNavigaiton" classname="com.insureincanada.testCases.HomePageTest" time="0.04">
    <system-out><![CDATA[Best & affordable Super Visa Insurance Ontario Canada | Insure In Canada
]]></system-out>
  </testcase>
  <testcase name="superVisaSinglePolicyInitialInfoDefaultDate" classname="com.insureincanada.testCases.HomePageTest" time="1.376">
    <system-out><![CDATA[Best & affordable Super Visa Insurance Ontario Canada | Insure In Canada
]]></system-out>
  </testcase>
  <testcase name="superVisaTitle" classname="com.insureincanada.testCases.HomePageTest" time="1.215">
    <system-out><![CDATA[Best & affordable Super Visa Insurance Ontario Canada | Insure In Canada
]]></system-out>
  </testcase>
</testsuite>